<?xml version="1.0" encoding="UTF-8"?>
<testng-results ignored="0" total="1" passed="1" failed="0" skipped="0">
  <reporter-output>
  </reporter-output>
  <suite started-at="2024-08-29T15:26:56 CST" name="Default suite" finished-at="2024-08-29T15:27:18 CST" duration-ms="21674">
    <groups>
    </groups>
    <test started-at="2024-08-29T15:26:56 CST" name="Default test" finished-at="2024-08-29T15:27:18 CST" duration-ms="21674">
      <class name="techyBong.appium.AppiumTestNavigateUsingActivityPackage">
        <test-method is-config="true" signature="configureAppium()[pri:0, instance:techyBong.appium.AppiumTestNavigateUsingActivityPackage@3f191845]" started-at="2024-08-29T15:26:56 CST" name="configureAppium" finished-at="2024-08-29T15:27:07 CST" duration-ms="10091" status="PASS">
          <reporter-output>
          </reporter-output>
        </test-method> <!-- configureAppium -->
        <test-method signature="pressKeyDemo()[pri:0, instance:techyBong.appium.AppiumTestNavigateUsingActivityPackage@3f191845]" started-at="2024-08-29T15:27:07 CST" name="pressKeyDemo" finished-at="2024-08-29T15:27:17 CST" duration-ms="10325" status="PASS">
          <reporter-output>
          </reporter-output>
        </test-method> <!-- pressKeyDemo -->
        <test-method is-config="true" signature="tearDown()[pri:0, instance:techyBong.appium.AppiumTestNavigateUsingActivityPackage@3f191845]" started-at="2024-08-29T15:27:17 CST" name="tearDown" finished-at="2024-08-29T15:27:18 CST" duration-ms="1207" status="PASS">
          <reporter-output>
          </reporter-output>
        </test-method> <!-- tearDown -->
      </class> <!-- techyBong.appium.AppiumTestNavigateUsingActivityPackage -->
    </test> <!-- Default test -->
  </suite> <!-- Default suite -->
</testng-results>
