<?xml version="1.0" encoding="UTF-8"?>
<testng-results ignored="0" total="1" passed="1" failed="0" skipped="0">
  <reporter-output>
  </reporter-output>
  <suite started-at="2024-08-27T19:51:47 CST" name="Default suite" finished-at="2024-08-27T19:52:13 CST" duration-ms="25621">
    <groups>
    </groups>
    <test started-at="2024-08-27T19:51:47 CST" name="Default test" finished-at="2024-08-27T19:52:13 CST" duration-ms="25621">
      <class name="techyBong.appium.AppiumTestLongPress">
        <test-method is-config="true" signature="configureAppium()[pri:0, instance:techyBong.appium.AppiumTestLongPress@1349883]" started-at="2024-08-27T19:51:48 CST" name="configureAppium" finished-at="2024-08-27T19:52:01 CST" duration-ms="13786" status="PASS">
          <reporter-output>
          </reporter-output>
        </test-method> <!-- configureAppium -->
        <test-method signature="longPress()[pri:0, instance:techyBong.appium.AppiumTestLongPress@1349883]" started-at="2024-08-27T19:52:01 CST" name="longPress" finished-at="2024-08-27T19:52:12 CST" duration-ms="10646" status="PASS">
          <reporter-output>
          </reporter-output>
        </test-method> <!-- longPress -->
        <test-method is-config="true" signature="tearDown()[pri:0, instance:techyBong.appium.AppiumTestLongPress@1349883]" started-at="2024-08-27T19:52:12 CST" name="tearDown" finished-at="2024-08-27T19:52:13 CST" duration-ms="1138" status="PASS">
          <reporter-output>
          </reporter-output>
        </test-method> <!-- tearDown -->
      </class> <!-- techyBong.appium.AppiumTestLongPress -->
    </test> <!-- Default test -->
  </suite> <!-- Default suite -->
</testng-results>
